  Moc'ing MainWindow.h...
  Moc'ing RegisterWindow.h...
  moc_RegisterWindow.cpp
  moc_MainWindow.cpp
  MainWindow.cpp
  RegisterWindow.cpp
c:\users\jmuaia005\desktop\jsc\bys\project\facerecognition\facerecognition\mxnet_inference.h(19): warning C4141: “dllexport”: 使用了多次 (编译源文件 GeneratedFiles\Release\moc_MainWindow.cpp)
c:\users\jmuaia005\desktop\jsc\bys\project\facerecognition\facerecognition\mxnet_inference.h(19): warning C4141: “dllexport”: 使用了多次 (编译源文件 MainWindow.cpp)
c:\users\jmuaia005\desktop\jsc\bys\project\facerecognition\facerecognition\mxnet_inference.h(19): warning C4141: “dllexport”: 使用了多次 (编译源文件 RegisterWindow.cpp)
c:\users\jmuaia005\desktop\jsc\bys\project\facerecognition\facerecognition\mxnet_inference.h(19): warning C4141: “dllexport”: 使用了多次 (编译源文件 .\GeneratedFiles\Release\moc_RegisterWindow.cpp)
  main.cpp
  sqlSplite.cpp
c:\users\jmuaia005\desktop\jsc\bys\project\facerecognition\facerecognition\registerwindow.cpp(382): warning C4700: 使用了未初始化的局部变量“simScore”
c:\users\jmuaia005\desktop\jsc\bys\project\facerecognition\facerecognition\registerwindow.cpp(266): warning C4700: 使用了未初始化的局部变量“simScore”
c:\users\jmuaia005\desktop\jsc\bys\project\facerecognition\facerecognition\mainwindow.cpp(871): warning C4715: “MainWindow::readXmlData”: 不是所有的控件路径都返回值
c:\users\jmuaia005\desktop\jsc\bys\project\facerecognition\facerecognition\mainwindow.cpp(647): warning C4700: 使用了未初始化的局部变量“simScore”
c:\users\jmuaia005\desktop\jsc\bys\project\facerecognition\facerecognition\mxnet_inference.h(19): warning C4141: “dllexport”: 使用了多次 (编译源文件 sqlSplite.cpp)
c:\users\jmuaia005\desktop\jsc\bys\project\facerecognition\facerecognition\mxnet_inference.h(19): warning C4141: “dllexport”: 使用了多次 (编译源文件 main.cpp)
    正在创建库 C:\Users\jmuaia005\Desktop\jsc\bys\project\faceRecognition\x64\Release\faceRecognition.lib 和对象 C:\Users\jmuaia005\Desktop\jsc\bys\project\faceRecognition\x64\Release\faceRecognition.exp
  faceRecognition.vcxproj -> C:\Users\jmuaia005\Desktop\jsc\bys\project\faceRecognition\x64\Release\faceRecognition.exe
