e:\workspaces\bysj\project\facerecognition\facerecognition\x64\release\main.obj
e:\workspaces\bysj\project\facerecognition\facerecognition\x64\release\mainwindow.obj
e:\workspaces\bysj\project\facerecognition\facerecognition\x64\release\moc_mainwindow.obj
e:\workspaces\bysj\project\facerecognition\facerecognition\x64\release\sqlsplite.obj
e:\workspaces\bysj\project\facerecognition\facerecognition\x64\release\registerwindow.obj
e:\workspaces\bysj\project\facerecognition\facerecognition\x64\release\moc_registerwindow.obj
e:\workspaces\bysj\project\facerecognition\facerecognition\x64\release\facealignment.obj
e:\workspaces\bysj\project\facerecognition\facerecognition\x64\release\facerecognition.obj
e:\workspaces\bysj\project\facerecognition\facerecognition\x64\release\qrc_facerecognition.obj
e:\workspaces\bysj\project\facerecognition\facerecognition\x64\release\dbg.obj
e:\workspaces\bysj\project\facerecognition\facerecognition\x64\release\facedetector.obj
e:\workspaces\bysj\project\facerecognition\facerecognition\generatedfiles\release\moc_mainwindow.cpp
e:\workspaces\bysj\project\facerecognition\facerecognition\generatedfiles\release\moc_registerwindow.cpp
e:\workspaces\bysj\project\facerecognition\facerecognition\generatedfiles\qrc_facerecognition.cpp
e:\workspaces\bysj\project\facerecognition\facerecognition\generatedfiles\ui_facerecognition.h
e:\workspaces\bysj\project\facerecognition\x64\release\facerecognition.lib
e:\workspaces\bysj\project\facerecognition\x64\release\facerecognition.exp
e:\workspaces\bysj\project\facerecognition\x64\release\facerecognition.exe
e:\workspaces\bysj\project\facerecognition\facerecognition\x64\release\facerecognition.tlog\cl.command.1.tlog
e:\workspaces\bysj\project\facerecognition\facerecognition\x64\release\facerecognition.tlog\cl.read.1.tlog
e:\workspaces\bysj\project\facerecognition\facerecognition\x64\release\facerecognition.tlog\cl.write.1.tlog
e:\workspaces\bysj\project\facerecognition\facerecognition\x64\release\facerecognition.tlog\custombuild.command.1.tlog
e:\workspaces\bysj\project\facerecognition\facerecognition\x64\release\facerecognition.tlog\custombuild.read.1.tlog
e:\workspaces\bysj\project\facerecognition\facerecognition\x64\release\facerecognition.tlog\custombuild.write.1.tlog
e:\workspaces\bysj\project\facerecognition\facerecognition\x64\release\facerecognition.tlog\facerecognition.write.1u.tlog
e:\workspaces\bysj\project\facerecognition\facerecognition\x64\release\facerecognition.tlog\link.command.1.tlog
e:\workspaces\bysj\project\facerecognition\facerecognition\x64\release\facerecognition.tlog\link.read.1.tlog
e:\workspaces\bysj\project\facerecognition\facerecognition\x64\release\facerecognition.tlog\link.write.1.tlog
